[debug] [2026-05-13T01:20:17.652Z] ----------------------------------------------------------------------
[debug] [2026-05-13T01:20:17.655Z] Command:       /usr/local/Cellar/node@22/22.22.0/bin/node /Users/fe/.npm/_npx/7750544ccf494d8b/node_modules/.bin/firebase deploy --only hosting,functions --project felipedutraapps
[debug] [2026-05-13T01:20:17.655Z] CLI Version:   15.17.0
[debug] [2026-05-13T01:20:17.656Z] Platform:      darwin
[debug] [2026-05-13T01:20:17.656Z] Node Version:  v22.22.0
[debug] [2026-05-13T01:20:17.656Z] Time:          Tue May 12 2026 22:20:17 GMT-0300 (Brasilia Standard Time)
[debug] [2026-05-13T01:20:17.656Z] ----------------------------------------------------------------------
[debug] 
[debug] [2026-05-13T01:20:19.304Z] > command requires scopes: ["email","openid","https://www.googleapis.com/auth/cloudplatformprojects.readonly","https://www.googleapis.com/auth/firebase","https://www.googleapis.com/auth/cloud-platform"]
[debug] [2026-05-13T01:20:19.305Z] > authorizing via signed-in user (felipemachadodutra@gmail.com)
[debug] [2026-05-13T01:20:19.305Z] [iam] checking project felipedutraapps for permissions ["cloudfunctions.functions.create","cloudfunctions.functions.delete","cloudfunctions.functions.get","cloudfunctions.functions.list","cloudfunctions.functions.update","cloudfunctions.operations.get","firebase.projects.get","firebasehosting.sites.update"]
[debug] [2026-05-13T01:20:19.306Z] Checked if tokens are valid: false, expires at: 1778633136141
[debug] [2026-05-13T01:20:19.306Z] Checked if tokens are valid: false, expires at: 1778633136141
[debug] [2026-05-13T01:20:19.307Z] > refreshing access token with scopes: []
[debug] [2026-05-13T01:20:19.308Z] >>> [apiv2][query] POST https://www.googleapis.com/oauth2/v3/token [none]
[debug] [2026-05-13T01:20:19.308Z] >>> [apiv2][body] POST https://www.googleapis.com/oauth2/v3/token [omitted]
[debug] [2026-05-13T01:20:19.543Z] <<< [apiv2][status] POST https://www.googleapis.com/oauth2/v3/token 200
[debug] [2026-05-13T01:20:19.543Z] <<< [apiv2][body] POST https://www.googleapis.com/oauth2/v3/token [omitted]
[debug] [2026-05-13T01:20:19.565Z] >>> [apiv2][query] POST https://cloudresourcemanager.googleapis.com/v1/projects/felipedutraapps:testIamPermissions [none]
[debug] [2026-05-13T01:20:19.565Z] >>> [apiv2][(partial)header] POST https://cloudresourcemanager.googleapis.com/v1/projects/felipedutraapps:testIamPermissions  x-goog-user-project=felipedutraapps
[debug] [2026-05-13T01:20:19.565Z] >>> [apiv2][body] POST https://cloudresourcemanager.googleapis.com/v1/projects/felipedutraapps:testIamPermissions {"permissions":["cloudfunctions.functions.create","cloudfunctions.functions.delete","cloudfunctions.functions.get","cloudfunctions.functions.list","cloudfunctions.functions.update","cloudfunctions.operations.get","firebase.projects.get","firebasehosting.sites.update"]}
[debug] [2026-05-13T01:20:20.490Z] <<< [apiv2][status] POST https://cloudresourcemanager.googleapis.com/v1/projects/felipedutraapps:testIamPermissions 200
[debug] [2026-05-13T01:20:20.490Z] <<< [apiv2][body] POST https://cloudresourcemanager.googleapis.com/v1/projects/felipedutraapps:testIamPermissions {"permissions":["cloudfunctions.functions.create","cloudfunctions.functions.delete","cloudfunctions.functions.get","cloudfunctions.functions.list","cloudfunctions.functions.update","cloudfunctions.operations.get","firebase.projects.get","firebasehosting.sites.update"]}
[debug] [2026-05-13T01:20:20.491Z] Checked if tokens are valid: true, expires at: 1778638818544
[debug] [2026-05-13T01:20:20.491Z] Checked if tokens are valid: true, expires at: 1778638818544
[debug] [2026-05-13T01:20:20.491Z] >>> [apiv2][query] POST https://iam.googleapis.com/v1/projects/felipedutraapps/serviceAccounts/felipedutraapps@appspot.gserviceaccount.com:testIamPermissions [none]
[debug] [2026-05-13T01:20:20.491Z] >>> [apiv2][body] POST https://iam.googleapis.com/v1/projects/felipedutraapps/serviceAccounts/felipedutraapps@appspot.gserviceaccount.com:testIamPermissions {"permissions":["iam.serviceAccounts.actAs"]}
[debug] [2026-05-13T01:20:21.402Z] <<< [apiv2][status] POST https://iam.googleapis.com/v1/projects/felipedutraapps/serviceAccounts/felipedutraapps@appspot.gserviceaccount.com:testIamPermissions 200
[debug] [2026-05-13T01:20:21.402Z] <<< [apiv2][body] POST https://iam.googleapis.com/v1/projects/felipedutraapps/serviceAccounts/felipedutraapps@appspot.gserviceaccount.com:testIamPermissions {"permissions":["iam.serviceAccounts.actAs"]}
[debug] [2026-05-13T01:20:21.403Z] Checked if tokens are valid: true, expires at: 1778638818544
[debug] [2026-05-13T01:20:21.403Z] Checked if tokens are valid: true, expires at: 1778638818544
[debug] [2026-05-13T01:20:21.403Z] >>> [apiv2][query] GET https://firebase.googleapis.com/v1beta1/projects/felipedutraapps [none]
[debug] [2026-05-13T01:20:21.861Z] <<< [apiv2][status] GET https://firebase.googleapis.com/v1beta1/projects/felipedutraapps 200
[debug] [2026-05-13T01:20:21.861Z] <<< [apiv2][body] GET https://firebase.googleapis.com/v1beta1/projects/felipedutraapps {"projectId":"felipedutraapps","projectNumber":"493666894040","displayName":"PULSO APPS","name":"projects/felipedutraapps","resources":{"hostingSite":"felipedutraapps"},"state":"ACTIVE","etag":"1_fd27035c-dcc7-44d0-99a5-54daab97cd27"}
[debug] [2026-05-13T01:20:23.470Z] Checked if tokens are valid: true, expires at: 1778638818544
[debug] [2026-05-13T01:20:23.470Z] Checked if tokens are valid: true, expires at: 1778638818544
[debug] [2026-05-13T01:20:23.470Z] >>> [apiv2][query] GET https://firebasehosting.googleapis.com/v1beta1/projects/felipedutraapps/sites pageToken=&pageSize=10
[debug] [2026-05-13T01:20:24.986Z] <<< [apiv2][status] GET https://firebasehosting.googleapis.com/v1beta1/projects/felipedutraapps/sites 200
[debug] [2026-05-13T01:20:24.986Z] <<< [apiv2][body] GET https://firebasehosting.googleapis.com/v1beta1/projects/felipedutraapps/sites {"sites":[{"name":"projects/felipedutraapps/sites/felipedutraapps","defaultUrl":"https://felipedutraapps.web.app","appId":"1:493666894040:web:a9f897823e207161fd57ad","type":"DEFAULT_SITE"}]}
[debug] [2026-05-13T01:20:24.986Z] Checked if tokens are valid: true, expires at: 1778638818544
[debug] [2026-05-13T01:20:24.986Z] Checked if tokens are valid: true, expires at: 1778638818544
[debug] [2026-05-13T01:20:24.986Z] >>> [apiv2][query] GET https://firebase.googleapis.com/v1beta1/projects/-/webApps/1:493666894040:web:a9f897823e207161fd57ad/config [none]
[debug] [2026-05-13T01:20:25.759Z] <<< [apiv2][status] GET https://firebase.googleapis.com/v1beta1/projects/-/webApps/1:493666894040:web:a9f897823e207161fd57ad/config 200
[debug] [2026-05-13T01:20:25.759Z] <<< [apiv2][body] GET https://firebase.googleapis.com/v1beta1/projects/-/webApps/1:493666894040:web:a9f897823e207161fd57ad/config {"projectId":"felipedutraapps","appId":"1:493666894040:web:a9f897823e207161fd57ad","storageBucket":"felipedutraapps.firebasestorage.app","apiKey":"AIzaSyB-VcAZ6emCYcIJWu2iffhGD58wqmMsShw","authDomain":"felipedutraapps.firebaseapp.com","messagingSenderId":"493666894040","measurementId":"G-4M3KFJLLNF","projectNumber":"493666894040","version":"2"}
[info] 
   Thank you for trying our early preview of Next.js support on Firebase Hosting.
   During the preview, support is best-effort and breaking changes can be expected. Proceed with caution.
   The integration is known to work with Next.js version 12 - 16.0. You may encounter errors.

   Documentation: https://firebase.google.com/docs/hosting/frameworks/nextjs
   File a bug: https://github.com/firebase/firebase-tools/issues/new?template=bug_report.md
   Submit a feature request: https://github.com/firebase/firebase-tools/issues/new?template=feature_request.md

   We'd love to learn from you. Express your interest in helping us shape the future of Firebase Hosting: https://goo.gle/41enW5X

